[2025-01-10T19:14:25.737610+01:00] database.ERROR: Error de conexión: No se puede establecer una conexión ya que el equipo de destino denegó expresamente dicha conexión [] []
[2025-01-10T19:19:49.160683+01:00] database.INFO: Conexión exitosa a la base de datos: workshop en el host localhost [] []
[2025-01-10T19:19:49.163940+01:00] database.INFO: Tabla 'reparation' verificada o creada exitosamente. [] []
[2025-01-10T19:19:49.168523+01:00] database.INFO: Reparación insertada correctamente con ID: 0 {"id":"b108267a-1caf-4ec7-a04f-6b8c228d15c1","status":"Completo","name":"Taller A","registerDate":"2025-01-23","licensePlate":"1234-ABC"} []

[2025-01-11T16:35:04.500375+01:00] database.INFO: Conexión exitosa a la base de datos: workshop en el host localhost [] []
[2025-01-11T16:35:04.504954+01:00] database.INFO: Tabla 'reparation' verificada o creada exitosamente. [] []
[2025-01-11T16:35:04.505359+01:00] database.ERROR: Error de inserción: Unknown column 'aaa' in 'field list' {"id":"0350a8e8-fe83-439b-9f7a-8978fc19f7e8","status":"Completo","name":"Taller A","registerDate":"2025-01-23","licensePlate":"1234-ABC"} []
[2025-01-11T16:42:25.727309+01:00] database.INFO: Conexión exitosa a la base de datos:  en el host localhost [] []
[2025-01-11T16:42:25.729587+01:00] database.ERROR: Error de conexión: Incorrect database name '' [] []
[2025-01-11T16:43:50.125280+01:00] database.INFO: Conexión exitosa a la base de datos:  en el host localhost [] []
[2025-01-11T16:43:50.127159+01:00] database.ERROR: Error de conexión: Incorrect database name '' [] []
[2025-01-11T16:43:55.453102+01:00] database.INFO: Conexión exitosa a la base de datos: workshop en el host localhost [] []
[2025-01-11T16:43:55.457689+01:00] database.INFO: Tabla 'reparation' verificada o creada exitosamente. [] []
[2025-01-11T16:43:55.488769+01:00] database.INFO: Reparación insertada correctamente con ID: 0 {"id":"02698fd6-76d5-42a4-8bed-a4fa90e69913","status":"Completo","name":"Taller A","registerDate":"2025-01-23","licensePlate":"1234-ABC"} []
[2025-01-11T16:44:53.425445+01:00] database.INFO: Conexión exitosa a la base de datos: workshop en el host localhost [] []
[2025-01-11T16:44:53.428025+01:00] database.INFO: Tabla 'reparation' verificada o creada exitosamente. [] []
[2025-01-11T16:44:53.428132+01:00] database.INFO: Ejecutando consulta para obtener reparación con ID: 02698fd6-76d5-42a4-8bed-a4fa90e69913 [] []
[2025-01-11T16:46:16.689304+01:00] database.INFO: Conexión exitosa a la base de datos: workshop en el host localhost [] []
[2025-01-11T16:46:16.694006+01:00] database.INFO: Tabla 'reparation' verificada o creada exitosamente. [] []
[2025-01-11T16:46:16.703705+01:00] database.INFO: Reparación insertada correctamente con ID: 0 {"id":"88491ad2-f532-4a7f-a001-51fe5dcfc4b9","status":"Completo","name":"Taller A","registerDate":"2025-01-23","licensePlate":"1234-ABC"} []
[2025-01-11T16:46:28.185339+01:00] database.INFO: Conexión exitosa a la base de datos: workshop en el host localhost [] []
[2025-01-11T16:46:28.187997+01:00] database.INFO: Tabla 'reparation' verificada o creada exitosamente. [] []
[2025-01-11T16:46:28.188191+01:00] database.INFO: Ejecutando consulta para obtener reparación con ID: 88491ad2-f532-4a7f-a001-51fe5dcfc4b9 [] []
[2025-01-11T16:49:51.418542+01:00] database.INFO: Conexión exitosa a la base de datos: workshop en el host localhost [] []
[2025-01-11T16:49:51.431800+01:00] database.INFO: Tabla 'reparation' verificada o creada exitosamente. [] []
[2025-01-11T16:49:51.432573+01:00] database.INFO: Ejecutando consulta para obtener reparación con ID: 88491ad2-f532-4a7f-a001-51fe5dcfc4b9 [] []
[2025-01-11T16:49:57.908510+01:00] database.INFO: Conexión exitosa a la base de datos: workshop en el host localhost [] []
[2025-01-11T16:49:57.912936+01:00] database.INFO: Tabla 'reparation' verificada o creada exitosamente. [] []
[2025-01-11T16:49:57.924472+01:00] database.INFO: Reparación insertada correctamente con ID: 0 {"id":"2d8ab06b-e75b-413c-998e-37081e7001c5","status":"Completo","name":"Taller A","registerDate":"2025-01-23","licensePlate":"1234-ABC"} []
[2025-01-11T16:50:13.843342+01:00] database.INFO: Conexión exitosa a la base de datos: workshop en el host localhost [] []
[2025-01-11T16:50:13.846258+01:00] database.INFO: Tabla 'reparation' verificada o creada exitosamente. [] []
[2025-01-11T16:50:13.846420+01:00] database.INFO: Ejecutando consulta para obtener reparación con ID: 2d8ab06b-e75b-413c-998e-37081e7001c5 [] []
[2025-01-11T16:50:23.518468+01:00] database.INFO: Conexión exitosa a la base de datos: workshop en el host localhost [] []
[2025-01-11T16:50:23.523493+01:00] database.INFO: Tabla 'reparation' verificada o creada exitosamente. [] []
[2025-01-11T16:50:23.523800+01:00] database.INFO: Ejecutando consulta para obtener reparación con ID: 2d8ab06b-e75b-413c-998e-37081e7001c5 [] []
[2025-01-11T16:50:26.867537+01:00] database.INFO: Conexión exitosa a la base de datos: workshop en el host localhost [] []
[2025-01-11T16:50:26.871542+01:00] database.INFO: Tabla 'reparation' verificada o creada exitosamente. [] []
[2025-01-11T16:50:26.880483+01:00] database.INFO: Reparación insertada correctamente con ID: 0 {"id":"b20e6321-9811-436c-b0d5-dbe9aaa51dd1","status":"Completo","name":"Taller A","registerDate":"2025-01-23","licensePlate":"1234-ABC"} []
[2025-01-11T16:50:49.152857+01:00] database.INFO: Conexión exitosa a la base de datos: workshop en el host localhost [] []
[2025-01-11T16:50:49.157421+01:00] database.INFO: Tabla 'reparation' verificada o creada exitosamente. [] []
[2025-01-11T16:50:49.166756+01:00] database.INFO: Reparación insertada correctamente con ID: 0 {"id":"5a3610c3-c9db-4f23-9ee5-b3e69c8a2088","status":"Completo","name":"Taller A","registerDate":"2025-01-23","licensePlate":"1234-ABC"} []
[2025-01-11T16:50:53.650246+01:00] database.INFO: Conexión exitosa a la base de datos: workshop en el host localhost [] []
[2025-01-11T16:50:53.654535+01:00] database.INFO: Tabla 'reparation' verificada o creada exitosamente. [] []
[2025-01-11T16:50:53.665948+01:00] database.INFO: Reparación insertada correctamente con ID: 0 {"id":"3b1f960a-caef-455d-900c-63c9106403e9","status":"Completo","name":"Taller A","registerDate":"2025-01-23","licensePlate":"1234-ABC"} []
[2025-01-11T16:51:19.373921+01:00] database.INFO: Conexión exitosa a la base de datos: workshop en el host localhost [] []
[2025-01-11T16:51:19.377226+01:00] database.INFO: Tabla 'reparation' verificada o creada exitosamente. [] []
[2025-01-11T16:51:19.381754+01:00] database.INFO: Reparación insertada correctamente con ID: 0 {"id":"dcf72235-663a-4cbd-a4c6-5be2e115a9b5","status":"Completo","name":"Taller A","registerDate":"2025-01-23","licensePlate":"1234-ABC"} []
[2025-01-11T16:51:26.126883+01:00] database.INFO: Conexión exitosa a la base de datos: workshop en el host localhost [] []
[2025-01-11T16:51:26.131709+01:00] database.INFO: Tabla 'reparation' verificada o creada exitosamente. [] []
[2025-01-11T16:51:26.137235+01:00] database.INFO: Reparación insertada correctamente con ID: 0 {"id":"528e280a-4eac-4e59-9aae-b818324a365c","status":"Completo","name":"Taller A","registerDate":"2025-01-23","licensePlate":"1234-ABC"} []
[2025-01-11T16:53:01.745641+01:00] database.INFO: Conexión exitosa a la base de datos: workshop en el host localhost [] []
[2025-01-11T16:53:01.750635+01:00] database.INFO: Tabla 'reparation' verificada o creada exitosamente. [] []
[2025-01-11T16:53:01.755169+01:00] database.INFO: Reparación insertada correctamente con ID: 0 {"id":"078a7835-aefe-413e-ad51-03335a99eb40","status":"Completo","name":"Taller A","registerDate":"2025-01-23","licensePlate":"1234-ABC"} []
[2025-01-11T16:54:20.366260+01:00] database.INFO: Conexión exitosa a la base de datos: workshop en el host localhost [] []
[2025-01-11T16:54:20.370981+01:00] database.INFO: Tabla 'reparation' verificada o creada exitosamente. [] []
[2025-01-11T16:54:20.377441+01:00] database.INFO: Reparación insertada correctamente con ID: 0 {"id":"5ca1e4b6-2ad5-4d8b-8168-bee2912d61cf","status":"Completo","name":"Taller A","registerDate":"2025-01-23","licensePlate":"1234-ABC"} []
[2025-01-11T16:54:27.910759+01:00] database.INFO: Conexión exitosa a la base de datos: workshop en el host localhost [] []
[2025-01-11T16:54:27.915050+01:00] database.INFO: Tabla 'reparation' verificada o creada exitosamente. [] []
[2025-01-11T16:54:27.923536+01:00] database.INFO: Reparación insertada correctamente con ID: 0 {"id":"b82f245c-aa5b-4a84-9087-80a24cd09b34","status":"Completo","name":"Taller A","registerDate":"2025-01-23","licensePlate":"1234-ABC"} []
[2025-01-11T16:54:40.757437+01:00] database.INFO: Conexión exitosa a la base de datos: workshop en el host localhost [] []
[2025-01-11T16:54:40.761639+01:00] database.INFO: Tabla 'reparation' verificada o creada exitosamente. [] []
[2025-01-11T16:54:40.791213+01:00] database.INFO: Reparación insertada correctamente con ID: 0 {"id":"92244e70-e823-4f90-84eb-95aff0b6b4eb","status":"Completo","name":"Taller A","registerDate":"2025-01-23","licensePlate":"1234-ABC"} []
[2025-01-11T16:55:08.743850+01:00] database.INFO: Conexión exitosa a la base de datos: workshop en el host localhost [] []
[2025-01-11T16:55:08.748517+01:00] database.INFO: Tabla 'reparation' verificada o creada exitosamente. [] []
[2025-01-11T16:55:08.757855+01:00] database.INFO: Reparación insertada correctamente con ID: 0 {"id":"90aeb794-4a09-4757-bb0b-fc6bede2b6fd","status":"Completo","name":"Taller A","registerDate":"2025-01-23","licensePlate":"1234-ABC"} []
[2025-01-11T16:59:12.011933+01:00] database.INFO: Conexión exitosa a la base de datos: workshop en el host localhost [] []
[2025-01-11T16:59:12.015057+01:00] database.INFO: Tabla 'reparation' verificada o creada exitosamente. [] []
[2025-01-11T16:59:12.026512+01:00] database.INFO: Reparación insertada correctamente con ID: 0 {"id":"da66489f-1a63-4f5c-8857-9f859f2a1e02","status":"Completo","name":"Taller A","registerDate":"2025-01-23","licensePlate":"1234-ABC"} []
[2025-01-11T17:04:11.997827+01:00] database.INFO: Conexión exitosa a la base de datos: workshop en el host localhost [] []
[2025-01-11T17:04:12.011170+01:00] database.INFO: Tabla 'reparation' verificada o creada exitosamente. [] []
[2025-01-11T17:04:12.012035+01:00] database.INFO: Ejecutando consulta para obtener reparación con ID: da66489f-1a63-4f5c-8857-9f859f2a1e02 [] []
[2025-01-11T17:07:35.275378+01:00] database.INFO: Conexión exitosa a la base de datos: workshop en el host localhost [] []
[2025-01-11T17:07:35.287385+01:00] database.INFO: Tabla 'reparation' verificada o creada exitosamente. [] []
[2025-01-11T17:07:35.288169+01:00] database.INFO: Ejecutando consulta para obtener reparación con ID: da66489f-1a63-4f5c-8857-9f859f2a1e02 [] []
[2025-01-11T17:08:31.891930+01:00] database.INFO: Conexión exitosa a la base de datos: workshop en el host localhost [] []
[2025-01-11T17:08:31.896255+01:00] database.INFO: Tabla 'reparation' verificada o creada exitosamente. [] []
[2025-01-11T17:08:31.896444+01:00] database.INFO: Ejecutando consulta para obtener reparación con ID: da66489f-1a63-4f5c-8857-9f859f2a1e02 [] []
[2025-01-11T17:11:56.179688+01:00] database.INFO: Conexión exitosa a la base de datos: workshop en el host localhost [] []
[2025-01-11T17:11:56.185904+01:00] database.INFO: Tabla 'reparation' verificada o creada exitosamente. [] []
[2025-01-11T17:11:56.192619+01:00] database.INFO: Reparación insertada correctamente con ID: 0 {"id":"db460a17-6f96-4a18-a66c-568c2dcdc581","status":"123123","name":"Taller A","registerDate":"2025-01-09","licensePlate":"1234-ABC"} []
[2025-01-12T12:49:46.425323+01:00] database.INFO: Conexión exitosa a la base de datos: workshop en el host localhost [] []
[2025-01-12T12:49:46.516917+01:00] database.INFO: Tabla 'reparation' verificada o creada exitosamente. [] []
[2025-01-12T12:49:46.517000+01:00] database.WARNING: La matrícula no es válida. {"license_plate":"1234-ABC"} []
[2025-01-12T12:49:53.694765+01:00] database.INFO: Conexión exitosa a la base de datos: workshop en el host localhost [] []
[2025-01-12T12:49:53.698115+01:00] database.INFO: Tabla 'reparation' verificada o creada exitosamente. [] []
[2025-01-12T12:49:53.698161+01:00] database.WARNING: La matrícula no es válida. {"license_plate":"1234-ABC"} []
[2025-01-12T12:50:35.359835+01:00] database.INFO: Conexión exitosa a la base de datos: workshop en el host localhost [] []
[2025-01-12T12:50:35.365112+01:00] database.INFO: Tabla 'reparation' verificada o creada exitosamente. [] []
[2025-01-12T12:50:35.365169+01:00] database.WARNING: La matrícula no es válida. {"license_plate":"1234-ABC"} []
[2025-01-12T12:50:43.790155+01:00] database.INFO: Conexión exitosa a la base de datos: workshop en el host localhost [] []
[2025-01-12T12:50:43.793367+01:00] database.INFO: Tabla 'reparation' verificada o creada exitosamente. [] []
[2025-01-12T12:50:43.794122+01:00] database.INFO: Ejecutando consulta para obtener reparación con ID: 6b394eef-4f54-4a4e-ac26-e663ffcd646a [] []
[2025-01-12T12:51:16.560368+01:00] database.INFO: Conexión exitosa a la base de datos: workshop en el host localhost [] []
[2025-01-12T12:51:16.563768+01:00] database.INFO: Tabla 'reparation' verificada o creada exitosamente. [] []
[2025-01-12T12:51:16.563848+01:00] database.WARNING: La matrícula no es válida. {"license_plate":"1234-ABC"} []
[2025-01-12T12:51:44.210580+01:00] database.INFO: Conexión exitosa a la base de datos: workshop en el host localhost [] []
[2025-01-12T12:51:44.215389+01:00] database.INFO: Tabla 'reparation' verificada o creada exitosamente. [] []
[2025-01-12T12:51:44.228417+01:00] database.INFO: Reparación insertada correctamente con ID: 0 {"id":"47b5f1e1-5d2b-4ba1-9801-892d8df10616","status":"Completo","name":"Taller A","registerDate":"2025-01-18","licensePlate":"1234-ABC"} []
[2025-01-12T12:51:50.936954+01:00] database.INFO: Conexión exitosa a la base de datos: workshop en el host localhost [] []
[2025-01-12T12:51:50.942327+01:00] database.INFO: Tabla 'reparation' verificada o creada exitosamente. [] []
[2025-01-12T12:51:50.942411+01:00] database.WARNING: La matrícula no es válida. {"license_plate":"1234-ABC"} []
[2025-01-12T12:52:04.704589+01:00] database.INFO: Conexión exitosa a la base de datos: workshop en el host localhost [] []
[2025-01-12T12:52:04.708644+01:00] database.INFO: Tabla 'reparation' verificada o creada exitosamente. [] []
[2025-01-12T12:52:04.718965+01:00] database.INFO: Reparación insertada correctamente con ID: 0 {"id":"dbc6d341-18fe-445b-a261-656fe8fcfd2a","status":"Completo","name":"Taller A","registerDate":"2025-01-18","licensePlate":"1234-ABC"} []
[2025-01-12T12:54:22.865658+01:00] database.INFO: Conexión exitosa a la base de datos: workshop en el host localhost [] []
[2025-01-12T12:54:22.940361+01:00] database.INFO: Tabla 'reparation' verificada o creada exitosamente. [] []
[2025-01-12T12:54:22.951335+01:00] database.INFO: Reparación insertada correctamente con ID: 0 {"id":"0a23d0dd-aca7-4bb4-be55-8683c8e00f6e","status":"Completo","name":"Taller A","registerDate":"2025-01-18","licensePlate":"1234-a"} []
[2025-01-12T12:57:56.285148+01:00] database.INFO: Conexión exitosa a la base de datos: workshop en el host localhost [] []
[2025-01-12T12:57:56.288495+01:00] database.INFO: Tabla 'reparation' verificada o creada exitosamente. [] []
[2025-01-12T12:57:56.288578+01:00] database.WARNING: Formato de matrícula no válido. {"license_plate":"1234-a"} []
