[2025-01-10T11:08:03.193817+01:00] database.INFO: Conexión exitosa a la base de datos: workshop en el host localhost [] []
[2025-01-10T11:08:03.231520+01:00] database.INFO: Base de datos 'workshop' creada. [] []
[2025-01-10T11:08:03.593643+01:00] database.INFO: Tabla 'reparation' verificada o creada exitosamente. [] []
[2025-01-10T11:08:03.598315+01:00] database.INFO: Reparación insertada correctamente con ID: 1 {"status":"Completa","name":"Taller A","registerDate":"2025-01-18","licensePlate":"3223-AAA","photo":"vnkajecl91vyhd2fbzyi.png"} []
[2025-01-10T11:18:56.345406+01:00] database.INFO: Conexión exitosa a la base de datos: workshop en el host localhost [] []
[2025-01-10T11:18:56.366930+01:00] database.INFO: Tabla 'reparation' verificada o creada exitosamente. [] []
[2025-01-10T11:18:56.370279+01:00] database.INFO: Reparación insertada correctamente con ID: 2 {"status":"Completa","name":"Taller A","registerDate":"2025-01-18","licensePlate":"3223-AAA","photo":"vnkajecl91vyhd2fbzyi.png"} []
[2025-01-10T11:19:01.867127+01:00] database.INFO: Conexión exitosa a la base de datos: workshop en el host localhost [] []
[2025-01-10T11:19:01.876574+01:00] database.INFO: Tabla 'reparation' verificada o creada exitosamente. [] []
[2025-01-10T11:19:01.879558+01:00] database.INFO: Reparación insertada correctamente con ID: 3 {"status":"Completa","name":"Taller A","registerDate":"2025-01-18","licensePlate":"3223-AAA","photo":"vnkajecl91vyhd2fbzyi.png"} []
[2025-01-10T11:23:06.005903+01:00] database.INFO: Conexión exitosa a la base de datos: workshop en el host localhost [] []
[2025-01-10T11:23:06.032888+01:00] database.INFO: Tabla 'reparation' verificada o creada exitosamente. [] []
[2025-01-10T11:23:06.035303+01:00] database.INFO: Reparación insertada correctamente con ID: 4 {"status":"Completa","name":"Taller A","registerDate":"2025-01-18","licensePlate":"3223-AAA","photo":"vnkajecl91vyhd2fbzyi.png"} []
[2025-01-10T11:23:55.234301+01:00] database.INFO: Conexión exitosa a la base de datos: workshop en el host localhost [] []
[2025-01-10T11:23:55.246471+01:00] database.INFO: Tabla 'reparation' verificada o creada exitosamente. [] []
[2025-01-10T11:23:55.249321+01:00] database.INFO: Reparación insertada correctamente con ID: 5 {"status":"Completa","name":"Taller A","registerDate":"2025-01-18","licensePlate":"3223-AAA","photo":"vnkajecl91vyhd2fbzyi.png"} []
[2025-01-10T11:24:00.594959+01:00] database.INFO: Conexión exitosa a la base de datos: workshop en el host localhost [] []
[2025-01-10T11:24:00.602415+01:00] database.INFO: Tabla 'reparation' verificada o creada exitosamente. [] []
[2025-01-10T11:24:00.602673+01:00] database.INFO: Ejecutando consulta para obtener reparación con ID: 2 [] []
[2025-01-10T11:24:05.905012+01:00] database.INFO: Conexión exitosa a la base de datos: workshop en el host localhost [] []
[2025-01-10T11:24:05.912135+01:00] database.INFO: Tabla 'reparation' verificada o creada exitosamente. [] []
[2025-01-10T11:24:05.912375+01:00] database.INFO: Ejecutando consulta para obtener reparación con ID: 1 [] []
[2025-01-10T11:24:09.056375+01:00] database.INFO: Conexión exitosa a la base de datos: workshop en el host localhost [] []
[2025-01-10T11:24:09.069562+01:00] database.INFO: Tabla 'reparation' verificada o creada exitosamente. [] []
[2025-01-10T11:24:09.069863+01:00] database.INFO: Ejecutando consulta para obtener reparación con ID: 2 [] []
[2025-01-10T11:24:11.062556+01:00] database.INFO: Conexión exitosa a la base de datos: workshop en el host localhost [] []
[2025-01-10T11:24:11.075271+01:00] database.INFO: Tabla 'reparation' verificada o creada exitosamente. [] []
[2025-01-10T11:24:11.075582+01:00] database.INFO: Ejecutando consulta para obtener reparación con ID: 3 [] []
[2025-01-10T11:24:13.365397+01:00] database.INFO: Conexión exitosa a la base de datos: workshop en el host localhost [] []
[2025-01-10T11:24:13.372703+01:00] database.INFO: Tabla 'reparation' verificada o creada exitosamente. [] []
[2025-01-10T11:24:13.373051+01:00] database.INFO: Ejecutando consulta para obtener reparación con ID: 33 [] []
[2025-01-10T11:24:13.373908+01:00] database.WARNING: No se encontraron resultados para la reparación con ID: 33 [] []
[2025-01-10T11:24:17.184672+01:00] database.INFO: Conexión exitosa a la base de datos: workshop en el host localhost [] []
[2025-01-10T11:24:17.194135+01:00] database.INFO: Tabla 'reparation' verificada o creada exitosamente. [] []
[2025-01-10T11:24:17.194460+01:00] database.INFO: Ejecutando consulta para obtener reparación con ID: 4 [] []
[2025-01-10T11:25:04.342082+01:00] database.INFO: Conexión exitosa a la base de datos: workshop en el host localhost [] []
[2025-01-10T11:25:04.361798+01:00] database.INFO: Tabla 'reparation' verificada o creada exitosamente. [] []
[2025-01-10T11:25:04.362025+01:00] database.INFO: Ejecutando consulta para obtener reparación con ID: 4 [] []
[2025-01-10T11:25:30.856893+01:00] database.INFO: Conexión exitosa a la base de datos: workshop en el host localhost [] []
[2025-01-10T11:25:30.863403+01:00] database.INFO: Tabla 'reparation' verificada o creada exitosamente. [] []
[2025-01-10T11:25:30.863657+01:00] database.INFO: Ejecutando consulta para obtener reparación con ID: 4 [] []
[2025-01-10T11:26:54.949101+01:00] database.INFO: Conexión exitosa a la base de datos: workshop en el host localhost [] []
[2025-01-10T11:26:54.968879+01:00] database.INFO: Tabla 'reparation' verificada o creada exitosamente. [] []
[2025-01-10T11:26:54.969151+01:00] database.INFO: Ejecutando consulta para obtener reparación con ID: 4 [] []
[2025-01-10T11:27:33.569986+01:00] database.INFO: Conexión exitosa a la base de datos: workshop en el host localhost [] []
[2025-01-10T11:27:33.583786+01:00] database.INFO: Tabla 'reparation' verificada o creada exitosamente. [] []
[2025-01-10T11:27:33.584195+01:00] database.INFO: Ejecutando consulta para obtener reparación con ID: 4 [] []
[2025-01-10T11:28:04.420341+01:00] database.INFO: Conexión exitosa a la base de datos: workshop en el host localhost [] []
[2025-01-10T11:28:04.427717+01:00] database.INFO: Tabla 'reparation' verificada o creada exitosamente. [] []
[2025-01-10T11:28:04.428029+01:00] database.INFO: Ejecutando consulta para obtener reparación con ID: 4 [] []
[2025-01-10T11:29:22.621159+01:00] database.INFO: Conexión exitosa a la base de datos [] []
[2025-01-10T11:29:22.630418+01:00] database.INFO: Tabla 'reparation' verificada o creada exitosamente. [] []
[2025-01-10T11:29:22.630796+01:00] database.INFO: Ejecutando consulta para obtener reparación con ID: 1 [] []
